{"D:\\studyProject\\mz-ui\\src\\components\\HelloWorld.vue": {"path":"D:\\studyProject\\mz-ui\\src\\components\\HelloWorld.vue","statementMap":{"0":{"start":{"line":106,"column":0},"end":{"line":106,"column":null}},"1":{"start":{"line":107,"column":18},"end":{"line":107,"column":null}},"2":{"start":{"line":114,"column":15},"end":{"line":114,"column":31}},"3":{"start":{"line":118,"column":4},"end":{"line":118,"column":9}}},"fnMap":{"0":{"name":"(anonymous_0)","decl":{"start":{"line":117,"column":9},"end":{"line":117,"column":null}},"loc":{"start":{"line":117,"column":9},"end":{"line":119,"column":null}}}},"branchMap":{},"s":{"0":1,"1":1,"2":1,"3":1},"f":{"0":1},"b":{}}
}
